HOPS.AG.UTK.EDU - - [11/Apr/1997:20:22:24 000] "GET / HTTP/1.0" 200 0
HOPS.AG.UTK.EDU - - [11/Apr/1997:20:22:24 000] "GET /images/frog-back.jpeg HTTP/1.0" 200 0
HOPS.AG.UTK.EDU - - [11/Apr/1997:20:22:24 000] "GET /images/cover.jpeg HTTP/1.0" 200 0
HOPS.AG.UTK.EDU - - [11/Apr/1997:20:22:29 000] "GET /book/index.html HTTP/1.0" 404 316
HOPS.AG.UTK.EDU - - [11/Apr/1997:20:22:40 000] "GET /src/index.html HTTP/1.0" 200 0
HOPS.AG.UTK.EDU - - [11/Apr/1997:20:22:40 000] "GET /images/frog-icon.jpeg HTTP/1.0" 200 0
HOPS.AG.UTK.EDU - - [11/Apr/1997:20:22:44 000] "GET /rfc/index.html HTTP/1.0" 200 0
HOPS.AG.UTK.EDU - - [11/Apr/1997:20:22:46 000] "GET /rfc/rfc0000-0099.html HTTP/1.0" 200 0
HOPS.AG.UTK.EDU - - [11/Apr/1997:20:22:47 000] "GET /rfc/0000/rfc3.txt HTTP/1.0" 200 0
HOPS.AG.UTK.EDU - - [11/Apr/1997:20:22:54 000] "GET /syntax/index.html HTTP/1.0" 404 316
HOPS.AG.UTK.EDU - - [11/Apr/1997:20:25:40 000] "GET /syntax/index.html HTTP/1.0" 200 0
HOPS.AG.UTK.EDU - - [11/Apr/1997:20:25:40 000] "GET /images/frog-icon.jpeg HTTP/1.0" 200 0
HOPS.AG.UTK.EDU - - [11/Apr/1997:20:25:44 000] "GET /syntax/syntax.txt HTTP/1.0" 200 0
HOPS.AG.UTK.EDU - - [11/Apr/1997:20:25:48 000] "GET /syntax/syntax.html HTTP/1.0" 200 0
HOPS.AG.UTK.EDU - - [11/Apr/1997:20:25:54 000] "GET /book/index.html HTTP/1.0" 200 0
HOPS.AG.UTK.EDU - - [11/Apr/1997:20:25:56 000] "GET /book/contents.htm HTTP/1.0" 200 0
HOPS.AG.UTK.EDU - - [11/Apr/1997:20:25:56 000] "GET /book/next.gif HTTP/1.0" 200 0
HOPS.AG.UTK.EDU - - [11/Apr/1997:20:25:59 000] "GET /book/chap01.htm HTTP/1.0" 200 0
HOPS.AG.UTK.EDU - - [11/Apr/1997:20:25:59 000] "GET /book/contents.gif HTTP/1.0" 200 0
HOPS.AG.UTK.EDU - - [11/Apr/1997:20:25:59 000] "GET /book/previous.gif HTTP/1.0" 200 0
HOPS.AG.UTK.EDU - - [11/Apr/1997:20:25:59 000] "GET /book/frog.gif HTTP/1.0" 200 0
HOPS.AG.UTK.EDU - - [11/Apr/1997:20:26:10 000] "GET /visualage/index.html HTTP/1.0" 200 0
HOPS.AG.UTK.EDU - - [11/Apr/1997:20:26:16 000] "GET /readme.txt HTTP/1.0" 200 0
